Arguments: 
  C:\Program Files\nodejs\node.exe C:\Program Files\nodejs\node_modules\yarn\bin\yarn.js install

PATH: 
  D:\Git\mingw64\bin;D:\Git\usr\bin;C:\Users\zengzh\bin;C:\WINDOWS\system32;C:\WINDOWS;C:\WINDOWS\System32\Wbem;C:\WINDOWS\System32\WindowsPowerShell\v1.0;C:\WINDOWS\System32\OpenSSH;D:\Git\cmd;C:\Program Files (x86)\Java\jdk1.8\bin;C:\Program Files (x86)\Java\jdk1.8\jre\bin;C:\Program Files\Docker\Docker\resources\bin;C:\Users\zengzh\AppData\Roaming\nvm;C:\Program Files\nodejs;C:\Users\zengzh\AppData\Local\Microsoft\WindowsApps;C:\Users\zengzh\AppData\Roaming\npm;D:\VsCode\Microsoft VS Code\bin;C:\Users\zengzh\AppData\Roaming\nvm;C:\Program Files\nodejs

Yarn version: 
  1.22.19

Node version: 
  18.17.1

Platform: 
  win32 x64

Trace: 
  Error: EPERM: operation not permitted, unlink 'E:\vue3造轮子\gulu-ui\node_modules\esbuild\esbuild.exe'

npm manifest: 
  {
    "name": "gulu-ui",
    "version": "0.0.0",
    "scripts": {
      "dev": "vite",
      "build": "vite build"
    },
    "dependencies": {
      "github-markdown-css": "4.0.0",
      "marked": "1.1.1",
      "prismjs": "1.21.0",
      "vue": "3.0.0",
      "vue-router": "4.0.0-beta.3"
    },
    "devDependencies": {
      "@vue/compiler-sfc": "3.0.0",
      "rollup-plugin-esbuild": "2.5.0",
      "rollup-plugin-scss": "2.6.0",
      "rollup-plugin-terser": "7.0.2",
      "rollup-plugin-vue": "6.0.0-beta.10",
      "sass": "1.26.11",
      "vite": "1.0.0-rc.1"
    }
  }

yarn manifest: 
  No manifest

Lockfile: 
  No lockfile
